To honour the JVM settings for this build a single-use Daemon process will be forked. For more on this, please refer to https://docs.gradle.org/8.14.3/userguide/gradle_daemon.html#sec:disabling_the_daemon in the Gradle documentation.
Daemon will be stopped at the end of the build 
Reusing configuration cache.
> Task :composeApp:copyNonXmlValueResourcesForWebMain NO-SOURCE
> Task :composeApp:kmpPartiallyResolvedDependenciesChecker
> Task :shared:kmpPartiallyResolvedDependenciesChecker
> Task :composeApp:copyNonXmlValueResourcesForWasmJsMain NO-SOURCE
> Task :composeApp:convertXmlValueResourcesForWebMain NO-SOURCE
> Task :composeApp:convertXmlValueResourcesForWasmJsMain NO-SOURCE
> Task :composeApp:prepareComposeResourcesTaskForWasmJsMain NO-SOURCE
> Task :composeApp:prepareComposeResourcesTaskForWebMain NO-SOURCE
> Task :composeApp:generateResourceAccessorsForWebMain NO-SOURCE
> Task :composeApp:generateResourceAccessorsForWasmJsMain NO-SOURCE
> Task :shared:checkKotlinGradlePluginConfigurationErrors SKIPPED
> Task :composeApp:checkKotlinGradlePluginConfigurationErrors SKIPPED
> Task :composeApp:generateExpectResourceCollectorsForCommonMain UP-TO-DATE
> Task :composeApp:generateComposeResClass UP-TO-DATE
> Task :composeApp:copyNonXmlValueResourcesForCommonMain UP-TO-DATE
> Task :composeApp:convertXmlValueResourcesForCommonMain NO-SOURCE
> Task :composeApp:prepareComposeResourcesTaskForCommonMain UP-TO-DATE
> Task :composeApp:generateResourceAccessorsForCommonMain UP-TO-DATE
> Task :composeApp:generateActualResourceCollectorsForWasmJsMain UP-TO-DATE
> Task :shared:compileKotlinWasmJs UP-TO-DATE

> Task :composeApp:compileKotlinWasmJs FAILED
./gradlew : e: file:///C:/Users/kubam/Projekty/FieldBooking/SportsFie
ldBooking/composeApp/src/commonMain/kotlin/org/pracainzynierska/sport
booking/App.kt:32:2 Syntax error: imports are only allowed in the beg
inning of file.
At line:1 char:1
+ ./gradlew :composeApp:compileKotlinWasmJs --console=plain --no-daem
on ...
+ ~~~~~~~~~~~~~~~~~~~~~~~~~~~~~~~~~~~~~~~~~~~~~~~~~~~~~~~~~~~~~~~~~~~
~~
    + CategoryInfo          : NotSpecified: (e: file:///C:/U...innin 
   g of file.:String) [], RemoteException
    + FullyQualifiedErrorId : NativeCommandError
 

FAILURE: Build failed with an exception.

* What went wrong:
Execution failed for task ':composeApp:compileKotlinWasmJs'.
> A failure occurred while executing org.jetbrains.kotlin.compilerRun
ner.GradleCompilerRunnerWithWorkers$GradleKotlinCompilerWorkAction
   > Compilation error. See log for more details

* Try:
> Run with --stacktrace option to get the stack trace.
> Run with --info or --debug option to get more log output.
> Run with --scan to get full insights.
> Get more help at https://help.gradle.org.

BUILD FAILED in 5s
10 actionable tasks: 3 executed, 7 up-to-date
Configuration cache entry reused.
